<?xml version="1.0" encoding="UTF-8"?>
<!-- Generated by org.testng.reporters.JUnitReportReporter -->
<testsuite hostname="DESKTOP-1KAIVHT" failures="0" tests="5" name="dataDrivenTesting.Excel" time="114.037" errors="0" timestamp="2021-12-21T15:53:59 IST" skipped="0">
  <testcase classname="dataDrivenTesting.Excel" name="demoClass" time="22.473"/>
  <system-out/>
  <testcase classname="dataDrivenTesting.Excel" name="demoClass" time="23.080"/>
  <system-out/>
  <testcase classname="dataDrivenTesting.Excel" name="demoClass" time="24.201"/>
  <system-out/>
  <testcase classname="dataDrivenTesting.Excel" name="demoClass" time="21.520"/>
  <system-out/>
  <testcase classname="dataDrivenTesting.Excel" name="demoClass" time="22.763"/>
  <system-out/>
</testsuite> <!-- dataDrivenTesting.Excel -->
