<?xml version="1.0" encoding="UTF-8"?>
<!-- Generated by org.testng.reporters.JUnitReportReporter -->
<testsuite hostname="DESKTOP-1KAIVHT" failures="0" tests="1" name="seleniumChrome.WindowHanding1" time="95.158" errors="0" timestamp="2021-12-24T07:13:31 IST" skipped="0">
  <testcase classname="seleniumChrome.WindowHanding1" name="open" time="95.158"/>
  <system-out/>
</testsuite> <!-- seleniumChrome.WindowHanding1 -->
